<?xml version="1.0" encoding="UTF-8"?>
<testsuite name="StartCss" tests="1" skipped="0" failures="0" errors="0" timestamp="2022-06-15T16:06:54" hostname="MacBook-Pro-Taya.local" time="6.969">
  <properties/>
  <testcase name="startCssLocators" classname="StartCss" time="6.969"/>
  <system-out><![CDATA[]]></system-out>
  <system-err><![CDATA[Starting ChromeDriver 101.0.4951.41 (93c720db8323b3ec10d056025ab95c23a31997c9-refs/branch-heads/4951@{#904}) on port 57932
Only local connections are allowed.
Please see https://chromedriver.chromium.org/security-considerations for suggestions on keeping ChromeDriver safe.
ChromeDriver was started successfully.
[1655309218.506][WARNING]: This version of ChromeDriver has not been tested with Chrome version 102.
Jun 15, 2022 7:06:58 PM org.openqa.selenium.remote.ProtocolHandshake createSession
INFO: Detected upstream dialect: W3C
Jun 15, 2022 7:06:59 PM org.openqa.selenium.devtools.CdpVersionFinder findNearestMatch
INFO: Found exact CDP implementation for version 102
]]></system-err>
</testsuite>
